<?xml version="1.0" encoding="utf-8"?><testsuites><testsuite name="pytest" errors="0" failures="0" skipped="1" tests="1" time="204.659" timestamp="2026-08-25T01:56:43.629649+03:00" hostname="MacBook-Air-sl-yair.local"><testcase classname="tests.test_e2e_cart_budget.TestCartBudget" name="test_cart_total_stays_within_budget[shoes_under_220]" time="204.642"><skipped type="pytest.skip" message="eBay served its bot-verification page while opening the shopping cart. The run cannot continue; solving the captcha is out of scope. Screenshot: /Users/yairdagan/Downloads/automation task/ebay-automation/reports/screenshots/bot_challenge_opening_the_shopping_cart_020004_876.png">/Users/yairdagan/Downloads/automation task/ebay-automation/tests/test_e2e_cart_budget.py:49: eBay served its bot-verification page while opening the shopping cart. The run cannot continue; solving the captcha is out of scope. Screenshot: /Users/yairdagan/Downloads/automation task/ebay-automation/reports/screenshots/bot_challenge_opening_the_shopping_cart_020004_876.png</skipped></testcase></testsuite></testsuites>